# JRE version: OpenJDK Runtime Environment (8.0_242-b01) (build 1.8.0_242-release-1644-b01)
# Java VM: OpenJDK 64-Bit Server VM (25.242-b01 mixed mode windows-amd64 compressed oops)
Heap:
 PSYoungGen      total 244224K, used 148686K [0x00000000d5580000, 0x00000000e8400000, 0x0000000100000000)
  eden space 235008K, 59% used [0x00000000d5580000,0x00000000dddb7928,0x00000000e3b00000)
  from space 9216K, 99% used [0x00000000e7b00000,0x00000000e83fc0b0,0x00000000e8400000)
  to   space 20992K, 0% used [0x00000000e5b00000,0x00000000e5b00000,0x00000000e6f80000)
 ParOldGen       total 176128K, used 52608K [0x0000000080000000, 0x000000008ac00000, 0x00000000d5580000)
  object space 176128K, 29% used [0x0000000080000000,0x00000000833601f8,0x000000008ac00000)
 Metaspace       used 101616K, capacity 109777K, committed 109976K, reserved 1144832K
  class space    used 13331K, capacity 14650K, committed 14760K, reserved 1048576K
GC Heap History (10 events):
Event: 1666.383 GC heap before
{Heap before GC invocations=26 (full 4):
 PSYoungGen      total 291328K, used 291269K [0x00000000d5580000, 0x00000000ebe80000, 0x0000000100000000)
  eden space 279552K, 100% used [0x00000000d5580000,0x00000000e6680000,0x00000000e6680000)
  from space 11776K, 99% used [0x00000000e9800000,0x00000000ea3716e8,0x00000000ea380000)
  to   space 24576K, 0% used [0x00000000ea680000,0x00000000ea680000,0x00000000ebe80000)
 ParOldGen       total 176128K, used 52568K [0x0000000080000000, 0x000000008ac00000, 0x00000000d5580000)
  object space 176128K, 29% used [0x0000000080000000,0x00000000833561f8,0x000000008ac00000)
 Metaspace       used 99384K, capacity 105419K, committed 105880K, reserved 1140736K
  class space    used 13019K, capacity 14077K, committed 14248K, reserved 1048576K
Event: 1666.400 GC heap after
Heap after GC invocations=26 (full 4):
 PSYoungGen      total 273408K, used 3456K [0x00000000d5580000, 0x00000000eaa00000, 0x0000000100000000)
  eden space 269824K, 0% used [0x00000000d5580000,0x00000000d5580000,0x00000000e5d00000)
  from space 3584K, 96% used [0x00000000ea680000,0x00000000ea9e0040,0x00000000eaa00000)
  to   space 25088K, 0% used [0x00000000e7900000,0x00000000e7900000,0x00000000e9180000)
 ParOldGen       total 176128K, used 52576K [0x0000000080000000, 0x000000008ac00000, 0x00000000d5580000)
  object space 176128K, 29% used [0x0000000080000000,0x00000000833581f8,0x000000008ac00000)
 Metaspace       used 99384K, capacity 105419K, committed 105880K, reserved 1140736K
  class space    used 13019K, capacity 14077K, committed 14248K, reserved 1048576K
}
Event: 1720.583 GC heap before
{Heap before GC invocations=27 (full 4):
 PSYoungGen      total 273408K, used 273280K [0x00000000d5580000, 0x00000000eaa00000, 0x0000000100000000)
  eden space 269824K, 100% used [0x00000000d5580000,0x00000000e5d00000,0x00000000e5d00000)
  from space 3584K, 96% used [0x00000000ea680000,0x00000000ea9e0040,0x00000000eaa00000)
  to   space 25088K, 0% used [0x00000000e7900000,0x00000000e7900000,0x00000000e9180000)
 ParOldGen       total 176128K, used 52576K [0x0000000080000000, 0x000000008ac00000, 0x00000000d5580000)
  object space 176128K, 29% used [0x0000000080000000,0x00000000833581f8,0x000000008ac00000)
 Metaspace       used 99601K, capacity 105763K, committed 106136K, reserved 1140736K
  class space    used 13027K, capacity 14091K, committed 14248K, reserved 1048576K
Event: 1720.612 GC heap after
Heap after GC invocations=27 (full 4):
 PSYoungGen      total 272384K, used 11635K [0x00000000d5580000, 0x00000000ea700000, 0x0000000100000000)
  eden space 260608K, 0% used [0x00000000d5580000,0x00000000d5580000,0x00000000e5400000)
  from space 11776K, 98% used [0x00000000e7900000,0x00000000e845cea0,0x00000000e8480000)
  to   space 23552K, 0% used [0x00000000e9000000,0x00000000e9000000,0x00000000ea700000)
 ParOldGen       total 176128K, used 52584K [0x0000000080000000, 0x000000008ac00000, 0x00000000d5580000)
  object space 176128K, 29% used [0x0000000080000000,0x000000008335a1f8,0x000000008ac00000)
 Metaspace       used 99601K, capacity 105763K, committed 106136K, reserved 1140736K
  class space    used 13027K, capacity 14091K, committed 14248K, reserved 1048576K
}
Event: 1896.551 GC heap before
{Heap before GC invocations=28 (full 4):
 PSYoungGen      total 272384K, used 272243K [0x00000000d5580000, 0x00000000ea700000, 0x0000000100000000)
  eden space 260608K, 100% used [0x00000000d5580000,0x00000000e5400000,0x00000000e5400000)
  from space 11776K, 98% used [0x00000000e7900000,0x00000000e845cea0,0x00000000e8480000)
  to   space 23552K, 0% used [0x00000000e9000000,0x00000000e9000000,0x00000000ea700000)
 ParOldGen       total 176128K, used 52584K [0x0000000080000000, 0x000000008ac00000, 0x00000000d5580000)
  object space 176128K, 29% used [0x0000000080000000,0x000000008335a1f8,0x000000008ac00000)
 Metaspace       used 100879K, capacity 108709K, committed 108824K, reserved 1142784K
  class space    used 13269K, capacity 14538K, committed 14632K, reserved 1048576K
Event: 1896.564 GC heap after
Heap after GC invocations=28 (full 4):
 PSYoungGen      total 260608K, used 8480K [0x00000000d5580000, 0x00000000e9880000, 0x0000000100000000)
  eden space 251904K, 0% used [0x00000000d5580000,0x00000000d5580000,0x00000000e4b80000)
  from space 8704K, 97% used [0x00000000e9000000,0x00000000e9848060,0x00000000e9880000)
  to   space 23040K, 0% used [0x00000000e6b80000,0x00000000e6b80000,0x00000000e8200000)
 ParOldGen       total 176128K, used 52592K [0x0000000080000000, 0x000000008ac00000, 0x00000000d5580000)
  object space 176128K, 29% used [0x0000000080000000,0x000000008335c1f8,0x000000008ac00000)
 Metaspace       used 100879K, capacity 108709K, committed 108824K, reserved 1142784K
  class space    used 13269K, capacity 14538K, committed 14632K, reserved 1048576K
}
Event: 1991.346 GC heap before
{Heap before GC invocations=29 (full 4):
 PSYoungGen      total 260608K, used 260384K [0x00000000d5580000, 0x00000000e9880000, 0x0000000100000000)
  eden space 251904K, 100% used [0x00000000d5580000,0x00000000e4b80000,0x00000000e4b80000)
  from space 8704K, 97% used [0x00000000e9000000,0x00000000e9848060,0x00000000e9880000)
  to   space 23040K, 0% used [0x00000000e6b80000,0x00000000e6b80000,0x00000000e8200000)
 ParOldGen       total 176128K, used 52592K [0x0000000080000000, 0x000000008ac00000, 0x00000000d5580000)
  object space 176128K, 29% used [0x0000000080000000,0x000000008335c1f8,0x000000008ac00000)
 Metaspace       used 101379K, capacity 109507K, committed 109720K, reserved 1144832K
  class space    used 13329K, capacity 14649K, committed 14760K, reserved 1048576K
Event: 1991.362 GC heap after
Heap after GC invocations=29 (full 4):
 PSYoungGen      total 252928K, used 9378K [0x00000000d5580000, 0x00000000e9080000, 0x0000000100000000)
  eden space 243200K, 0% used [0x00000000d5580000,0x00000000d5580000,0x00000000e4300000)
  from space 9728K, 96% used [0x00000000e6b80000,0x00000000e74a8a40,0x00000000e7500000)
  to   space 22016K, 0% used [0x00000000e7b00000,0x00000000e7b00000,0x00000000e9080000)
 ParOldGen       total 176128K, used 52600K [0x0000000080000000, 0x000000008ac00000, 0x00000000d5580000)
  object space 176128K, 29% used [0x0000000080000000,0x000000008335e1f8,0x000000008ac00000)
 Metaspace       used 101379K, capacity 109507K, committed 109720K, reserved 1144832K
  class space    used 13329K, capacity 14649K, committed 14760K, reserved 1048576K
}
Event: 2090.814 GC heap before
{Heap before GC invocations=30 (full 4):
 PSYoungGen      total 252928K, used 252578K [0x00000000d5580000, 0x00000000e9080000, 0x0000000100000000)
  eden space 243200K, 100% used [0x00000000d5580000,0x00000000e4300000,0x00000000e4300000)
  from space 9728K, 96% used [0x00000000e6b80000,0x00000000e74a8a40,0x00000000e7500000)
  to   space 22016K, 0% used [0x00000000e7b00000,0x00000000e7b00000,0x00000000e9080000)
 ParOldGen       total 176128K, used 52600K [0x0000000080000000, 0x000000008ac00000, 0x00000000d5580000)
  object space 176128K, 29% used [0x0000000080000000,0x000000008335e1f8,0x000000008ac00000)
 Metaspace       used 101542K, capacity 109649K, committed 109976K, reserved 1144832K
  class space    used 13331K, capacity 14650K, committed 14760K, reserved 1048576K
Event: 2090.827 GC heap after
Heap after GC invocations=30 (full 4):
 PSYoungGen      total 244224K, used 9200K [0x00000000d5580000, 0x00000000e8400000, 0x0000000100000000)
  eden space 235008K, 0% used [0x00000000d5580000,0x00000000d5580000,0x00000000e3b00000)
  from space 9216K, 99% used [0x00000000e7b00000,0x00000000e83fc0b0,0x00000000e8400000)
  to   space 20992K, 0% used [0x00000000e5b00000,0x00000000e5b00000,0x00000000e6f80000)
 ParOldGen       total 176128K, used 52608K [0x0000000080000000, 0x000000008ac00000, 0x00000000d5580000)
  object space 176128K, 29% used [0x0000000080000000,0x00000000833601f8,0x000000008ac00000)
 Metaspace       used 101542K, capacity 109649K, committed 109976K, reserved 1144832K
  class space    used 13331K, capacity 14650K, committed 14760K, reserved 1048576K
}

